<?xml version="1.0" encoding="UTF-8"?>
<!-- Generated by org.testng.reporters.JUnitXMLReporter -->
<testsuite hostname="LAPTOP-L7NND2UK" ignored="0" name="Default test" tests="6" failures="0" timestamp="04 May 2022 02:01:10 GMT" time="20.043" errors="0">
  <testcase name="addRecords" time="2.153" classname="practice.AssignOnWebTableUsingExelReader"/>
  <testcase name="addRecords" time="2.195" classname="practice.AssignOnWebTableUsingExelReader"/>
  <testcase name="addRecords" time="1.878" classname="practice.AssignOnWebTableUsingExelReader"/>
  <testcase name="addRecords" time="1.799" classname="practice.AssignOnWebTableUsingExelReader"/>
  <testcase name="editRecords" time="1.156" classname="practice.AssignOnWebTableUsingExelReader"/>
  <testcase name="deleteRecords" time="1.385" classname="practice.AssignOnWebTableUsingExelReader"/>
</testsuite> <!-- Default test -->
