<?xml version="1.0" encoding="UTF-8"?>
<testng-results skipped="0" failed="0" ignored="0" total="6" passed="6">
  <reporter-output>
  </reporter-output>
  <suite name="Default suite" duration-ms="20043" started-at="2022-05-04T02:00:50Z" finished-at="2022-05-04T02:01:10Z">
    <groups>
    </groups>
    <test name="Default test" duration-ms="20043" started-at="2022-05-04T02:00:50Z" finished-at="2022-05-04T02:01:10Z">
      <class name="practice.AssignOnWebTableUsingExelReader">
        <test-method status="PASS" signature="setup()[pri:0, instance:practice.AssignOnWebTableUsingExelReader@73846619]" name="setup" is-config="true" duration-ms="7715" started-at="2022-05-04T02:00:50Z" finished-at="2022-05-04T02:00:57Z">
          <reporter-output>
          </reporter-output>
        </test-method> <!-- setup -->
        <test-method status="PASS" signature="addRecords(java.lang.String, java.lang.String, java.lang.String, java.lang.String, java.lang.String, java.lang.String, java.lang.String)[pri:0, instance:practice.AssignOnWebTableUsingExelReader@73846619]" name="addRecords" duration-ms="2153" started-at="2022-05-04T02:00:59Z" data-provider="data" finished-at="2022-05-04T02:01:01Z">
          <params>
            <param index="0">
              <value>
                <![CDATA[Tanaji]]>
              </value>
            </param>
            <param index="1">
              <value>
                <![CDATA[Waghmode]]>
              </value>
            </param>
            <param index="2">
              <value>
                <![CDATA[abc@gmail.com]]>
              </value>
            </param>
            <param index="3">
              <value>
                <![CDATA[30]]>
              </value>
            </param>
            <param index="4">
              <value>
                <![CDATA[25000]]>
              </value>
            </param>
            <param index="5">
              <value>
                <![CDATA[Tech]]>
              </value>
            </param>
            <param index="6">
              <value>
                <![CDATA[Valid]]>
              </value>
            </param>
          </params>
          <reporter-output>
          </reporter-output>
        </test-method> <!-- addRecords -->
        <test-method status="PASS" signature="addRecords(java.lang.String, java.lang.String, java.lang.String, java.lang.String, java.lang.String, java.lang.String, java.lang.String)[pri:0, instance:practice.AssignOnWebTableUsingExelReader@73846619]" name="addRecords" duration-ms="2195" started-at="2022-05-04T02:01:01Z" data-provider="data" finished-at="2022-05-04T02:01:04Z">
          <params>
            <param index="0">
              <value>
                <![CDATA[Nitin]]>
              </value>
            </param>
            <param index="1">
              <value>
                <![CDATA[Shirke]]>
              </value>
            </param>
            <param index="2">
              <value>
                <![CDATA[abcd@gmail.com]]>
              </value>
            </param>
            <param index="3">
              <value>
                <![CDATA[31]]>
              </value>
            </param>
            <param index="4">
              <value>
                <![CDATA[27000]]>
              </value>
            </param>
            <param index="5">
              <value>
                <![CDATA[IT]]>
              </value>
            </param>
            <param index="6">
              <value>
                <![CDATA[Valid]]>
              </value>
            </param>
          </params>
          <reporter-output>
          </reporter-output>
        </test-method> <!-- addRecords -->
        <test-method status="PASS" signature="addRecords(java.lang.String, java.lang.String, java.lang.String, java.lang.String, java.lang.String, java.lang.String, java.lang.String)[pri:0, instance:practice.AssignOnWebTableUsingExelReader@73846619]" name="addRecords" duration-ms="1878" started-at="2022-05-04T02:01:04Z" data-provider="data" finished-at="2022-05-04T02:01:05Z">
          <params>
            <param index="0">
              <value>
                <![CDATA[Asdf]]>
              </value>
            </param>
            <param index="1">
              <value>
                <![CDATA[Jadhav]]>
              </value>
            </param>
            <param index="2">
              <value>
                <![CDATA[abce@gmail.com]]>
              </value>
            </param>
            <param index="3">
              <value>
                <![CDATA[32]]>
              </value>
            </param>
            <param index="4">
              <value>
                <![CDATA[30000]]>
              </value>
            </param>
            <param index="5">
              <value>
                <![CDATA[HR]]>
              </value>
            </param>
            <param index="6">
              <value>
                <![CDATA[Valid]]>
              </value>
            </param>
          </params>
          <reporter-output>
          </reporter-output>
        </test-method> <!-- addRecords -->
        <test-method status="PASS" signature="addRecords(java.lang.String, java.lang.String, java.lang.String, java.lang.String, java.lang.String, java.lang.String, java.lang.String)[pri:0, instance:practice.AssignOnWebTableUsingExelReader@73846619]" name="addRecords" duration-ms="1799" started-at="2022-05-04T02:01:05Z" data-provider="data" finished-at="2022-05-04T02:01:07Z">
          <params>
            <param index="0">
              <value>
                <![CDATA[Abcd]]>
              </value>
            </param>
            <param index="1">
              <value>
                <![CDATA[Patil]]>
              </value>
            </param>
            <param index="2">
              <value>
                <![CDATA[abcf@gmail.com]]>
              </value>
            </param>
            <param index="3">
              <value>
                <![CDATA[31]]>
              </value>
            </param>
            <param index="4">
              <value>
                <![CDATA[26000]]>
              </value>
            </param>
            <param index="5">
              <value>
                <![CDATA[HR]]>
              </value>
            </param>
            <param index="6">
              <value>
                <![CDATA[Valid]]>
              </value>
            </param>
          </params>
          <reporter-output>
          </reporter-output>
        </test-method> <!-- addRecords -->
        <test-method status="PASS" signature="editRecords()[pri:2, instance:practice.AssignOnWebTableUsingExelReader@73846619]" name="editRecords" duration-ms="1156" started-at="2022-05-04T02:01:07Z" finished-at="2022-05-04T02:01:08Z">
          <reporter-output>
          </reporter-output>
        </test-method> <!-- editRecords -->
        <test-method status="PASS" signature="deleteRecords()[pri:3, instance:practice.AssignOnWebTableUsingExelReader@73846619]" name="deleteRecords" duration-ms="1385" started-at="2022-05-04T02:01:08Z" finished-at="2022-05-04T02:01:10Z">
          <reporter-output>
          </reporter-output>
        </test-method> <!-- deleteRecords -->
      </class> <!-- practice.AssignOnWebTableUsingExelReader -->
    </test> <!-- Default test -->
  </suite> <!-- Default suite -->
</testng-results>
